%!Adobe-FontList 1.17
%Locale:0x407

%BeginFont
Handler:DirectoryHandler
FontType:TrueType
FontName:MortisedOrnamentsFreeTwo
FamilyName:Mortised Ornaments Free Two
StyleName:Regular
FullName:Mortised Ornaments Free Two
MenuName:Mortised Ornaments Free Two
StyleBits:0
WritingScript:Roman
OutlineFileName:D:\gg-161332\TastefulTentacleRomance2\Vorlage_InDesign Folder\Document fonts\Mortised Ornaments Free Two.ttf
DataFormat:sfntData
FileLength:668740
FileModTime:1487681188
WeightClass:400
WidthClass:5
AngleClass:0
NameArray:0,Mac,18,Mortised Ornaments Free Two
NameArray:0,Mac,4,Mortised Ornaments Free Two
NameArray:0,Win,1,Mortised Ornaments Free Two
%EndFont

